2026-04-26 15:31:29 | INFO     | Loading songs from /Users/yinsontso/CodePath_AI_Spring_26/aapplied_ai_system_project/data/songs.csv...
2026-04-26 15:31:29 | INFO     | Loaded 100 songs successfully
2026-04-26 15:31:29 | INFO     | Loading songs from /Users/yinsontso/CodePath_AI_Spring_26/aapplied_ai_system_project/data/songs.csv...
2026-04-26 15:31:29 | INFO     | Loaded 100 songs successfully
2026-04-26 15:31:29 | INFO     | Recommender initialized with 100 songs
2026-04-26 15:31:29 | INFO     | Pipeline started for: 'I just had a terrible breakup and I can't stop crying...'
2026-04-26 15:31:29 | INFO     | Keyword analysis on: 'I just had a terrible breakup and I can't stop crying...'
2026-04-26 15:31:29 | INFO     | Mood detected: melancholic (confidence=0.55, keywords=['cry'])
2026-04-26 15:31:29 | INFO     | Pipeline complete: mood=melancholic, confidence=0.55, top_song='Mountain Echo'
2026-04-26 15:31:29 | INFO     | Pipeline started for: 'Heading to the gym, need something to get me pumped up!...'
2026-04-26 15:31:29 | INFO     | Keyword analysis on: 'Heading to the gym, need something to get me pumped up!...'
2026-04-26 15:31:29 | INFO     | Mood detected: intense (confidence=0.70, keywords=['gym', 'pump'])
2026-04-26 15:31:29 | INFO     | Pipeline complete: mood=intense, confidence=0.7, top_song='Bass Drop Thunder'
2026-04-26 15:31:29 | INFO     | Pipeline started for: 'It's a rainy Sunday morning, I'm making coffee and reading a book...'
2026-04-26 15:31:29 | INFO     | Keyword analysis on: 'It's a rainy Sunday morning, I'm making coffee and reading a book...'
2026-04-26 15:31:29 | INFO     | Mood detected: relaxed (confidence=0.70, keywords=['coffee', 'morning'])
2026-04-26 15:31:29 | INFO     | Pipeline complete: mood=relaxed, confidence=0.7, top_song='Coffee Shop Stories'
2026-04-26 15:31:29 | INFO     | Pipeline started for: 'I'm pulling an all-nighter coding this project, need to stay focused...'
2026-04-26 15:31:29 | INFO     | Keyword analysis on: 'I'm pulling an all-nighter coding this project, need to stay focused...'
2026-04-26 15:31:29 | INFO     | Mood detected: focused (confidence=0.70, keywords=['focus', 'coding'])
2026-04-26 15:31:29 | INFO     | Pipeline complete: mood=focused, confidence=0.7, top_song='Lofi Hip-Hop Study'
2026-04-26 15:31:29 | INFO     | Pipeline started for: 'Just got a promotion! Feeling on top of the world!...'
2026-04-26 15:31:29 | INFO     | Keyword analysis on: 'Just got a promotion! Feeling on top of the world!...'
2026-04-26 15:31:29 | INFO     | No keyword matches found — using default profile
2026-04-26 15:31:29 | INFO     | Pipeline complete: mood=chill, confidence=0.2, top_song='Midnight Coding'
2026-04-26 15:31:29 | INFO     | Recommender initialized with 100 songs
2026-04-26 15:31:29 | WARNING  | Guardrail: rejected potentially unsafe input
2026-04-26 15:31:29 | INFO     | Pipeline started for: 'I feel happy and want to dance!...'
2026-04-26 15:31:29 | INFO     | Keyword analysis on: 'I feel happy and want to dance!...'
2026-04-26 15:31:29 | INFO     | Mood detected: energetic (confidence=0.55, keywords=['dance'])
2026-04-26 15:31:29 | INFO     | Pipeline complete: mood=energetic, confidence=0.55, top_song='Electronic Future'
2026-04-26 15:31:43 | INFO     | Loading songs from /Users/yinsontso/CodePath_AI_Spring_26/aapplied_ai_system_project/data/songs.csv...
2026-04-26 15:31:43 | INFO     | Loaded 100 songs successfully
2026-04-26 15:31:43 | INFO     | Recommender initialized with 100 songs
2026-04-26 15:31:43 | INFO     | Pipeline started for: 'I just had a terrible breakup and I can't stop crying...'
2026-04-26 15:31:43 | INFO     | Keyword analysis on: 'I just had a terrible breakup and I can't stop crying...'
2026-04-26 15:31:43 | INFO     | Mood detected: melancholic (confidence=0.55, keywords=['cry'])
2026-04-26 15:31:43 | INFO     | Pipeline complete: mood=melancholic, confidence=0.55, top_song='Mountain Echo'
2026-04-26 15:31:43 | INFO     | Pipeline started for: 'Heading to the gym, need something to get me pumped up!...'
2026-04-26 15:31:43 | INFO     | Keyword analysis on: 'Heading to the gym, need something to get me pumped up!...'
2026-04-26 15:31:43 | INFO     | Mood detected: intense (confidence=0.70, keywords=['gym', 'pump'])
2026-04-26 15:31:43 | INFO     | Pipeline complete: mood=intense, confidence=0.7, top_song='Bass Drop Thunder'
2026-04-26 15:31:43 | INFO     | Pipeline started for: 'It's a rainy Sunday morning, making coffee and reading...'
2026-04-26 15:31:43 | INFO     | Keyword analysis on: 'It's a rainy Sunday morning, making coffee and reading...'
2026-04-26 15:31:43 | INFO     | Mood detected: relaxed (confidence=0.70, keywords=['coffee', 'morning'])
2026-04-26 15:31:43 | INFO     | Pipeline complete: mood=relaxed, confidence=0.7, top_song='Coffee Shop Stories'
2026-04-26 15:31:43 | INFO     | Pipeline started for: 'I need to focus and study for my final exam tonight...'
2026-04-26 15:31:43 | INFO     | Keyword analysis on: 'I need to focus and study for my final exam tonight...'
2026-04-26 15:31:43 | INFO     | Mood detected: focused (confidence=0.70, keywords=['focus', 'study'])
2026-04-26 15:31:43 | INFO     | Pipeline complete: mood=focused, confidence=0.7, top_song='Lofi Hip-Hop Study'
2026-04-26 15:31:43 | INFO     | Pipeline started for: 'Just got promoted! Feeling amazing and happy!...'
2026-04-26 15:31:43 | INFO     | Keyword analysis on: 'Just got promoted! Feeling amazing and happy!...'
2026-04-26 15:31:43 | INFO     | Mood detected: happy (confidence=0.70, keywords=['happy', 'amazing'])
2026-04-26 15:31:43 | INFO     | Pipeline complete: mood=happy, confidence=0.7, top_song='Pop Perfection'
2026-04-26 15:31:43 | INFO     | Pipeline started for: 'I'm so angry and frustrated with everything right now...'
2026-04-26 15:31:43 | INFO     | Keyword analysis on: 'I'm so angry and frustrated with everything right now...'
2026-04-26 15:31:43 | INFO     | Mood detected: aggressive (confidence=0.70, keywords=['angry', 'frustrated'])
2026-04-26 15:31:43 | INFO     | Pipeline complete: mood=aggressive, confidence=0.7, top_song='Thunder Road'
2026-04-26 15:31:43 | INFO     | Pipeline started for: 'Let's go to a party and dance all night!...'
2026-04-26 15:31:43 | INFO     | Keyword analysis on: 'Let's go to a party and dance all night!...'
2026-04-26 15:31:43 | INFO     | Mood detected: energetic (confidence=0.70, keywords=['party', 'dance'])
2026-04-26 15:31:43 | INFO     | Pipeline complete: mood=energetic, confidence=0.7, top_song='Electronic Future'
2026-04-26 15:31:43 | INFO     | Pipeline started for: 'The cat sat on the mat...'
2026-04-26 15:31:43 | INFO     | Keyword analysis on: 'The cat sat on the mat...'
2026-04-26 15:31:43 | INFO     | No keyword matches found — using default profile
2026-04-26 15:31:43 | INFO     | Pipeline complete: mood=chill, confidence=0.2, top_song='Midnight Coding'
2026-04-26 15:31:43 | WARNING  | Guardrail: rejected potentially unsafe input
2026-04-26 15:32:06 | INFO     | Recommender initialized with 5 songs
2026-04-26 15:32:06 | DEBUG    | recommend(k=2): top song='Test Pop Track' score=5.58
2026-04-26 15:32:06 | INFO     | Recommender initialized with 5 songs
2026-04-26 15:32:06 | DEBUG    | recommend(k=999): top song='Test Pop Track' score=4.90
2026-04-26 15:32:06 | INFO     | Recommender initialized with 5 songs
2026-04-26 15:32:06 | DEBUG    | recommend(k=1): top song='Test Pop Track' score=4.90
2026-04-26 15:32:06 | DEBUG    | recommend(k=3): top song='Test Pop Track' score=4.90
2026-04-26 15:32:06 | INFO     | Recommender initialized with 5 songs
2026-04-26 15:32:06 | INFO     | Recommender initialized with 5 songs
2026-04-26 15:32:06 | INFO     | Recommender initialized with 5 songs
2026-04-26 15:32:06 | INFO     | Recommender initialized with 5 songs
2026-04-26 15:32:06 | INFO     | Recommender initialized with 5 songs
2026-04-26 15:32:06 | INFO     | Recommender initialized with 5 songs
2026-04-26 15:32:06 | INFO     | Recommender initialized with 5 songs
2026-04-26 15:32:06 | INFO     | Recommender initialized with 5 songs
2026-04-26 15:32:06 | INFO     | Keyword analysis on: 'I feel so sad and lonely tonight...'
2026-04-26 15:32:06 | INFO     | Mood detected: melancholic (confidence=0.70, keywords=['sad', 'lonely'])
2026-04-26 15:32:06 | INFO     | Keyword analysis on: 'Let's go to a party and dance all night!...'
2026-04-26 15:32:06 | INFO     | Mood detected: energetic (confidence=0.70, keywords=['party', 'dance'])
2026-04-26 15:32:06 | INFO     | Keyword analysis on: 'I need to focus and study for my exam...'
2026-04-26 15:32:06 | INFO     | Mood detected: focused (confidence=0.70, keywords=['focus', 'study'])
2026-04-26 15:32:06 | INFO     | Keyword analysis on: 'I'm so angry and frustrated right now...'
2026-04-26 15:32:06 | INFO     | Mood detected: aggressive (confidence=0.70, keywords=['angry', 'frustrated'])
2026-04-26 15:32:06 | INFO     | Keyword analysis on: 'The cat sat on the mat...'
2026-04-26 15:32:06 | INFO     | No keyword matches found — using default profile
2026-04-26 15:32:06 | INFO     | Keyword analysis on: 'happy day...'
2026-04-26 15:32:06 | INFO     | Mood detected: happy (confidence=0.55, keywords=['happy'])
2026-04-26 15:32:06 | WARNING  | Guardrail: rejected potentially unsafe input
2026-04-26 15:32:06 | INFO     | AI analysis successful: mood=happy, confidence=0.9
2026-04-26 15:32:06 | INFO     | AI analysis successful: mood=chill, confidence=0.7
2026-04-26 15:32:06 | WARNING  | AI response parsing failed (Expecting value: line 1 column 1 (char 0)), falling back to keywords
2026-04-26 15:32:06 | INFO     | Keyword analysis on: 'I'm really angry!!!...'
2026-04-26 15:32:06 | INFO     | Mood detected: aggressive (confidence=0.55, keywords=['angry'])
2026-04-26 15:32:06 | WARNING  | AI returned unknown mood 'UNKNOWNMOOD', falling back
2026-04-26 15:32:06 | WARNING  | AI response parsing failed (Unknown mood: UNKNOWNMOOD), falling back to keywords
2026-04-26 15:32:06 | INFO     | Keyword analysis on: 'test text...'
2026-04-26 15:32:06 | INFO     | No keyword matches found — using default profile
2026-04-26 15:32:06 | INFO     | Recommender initialized with 5 songs
2026-04-26 15:32:06 | INFO     | Pipeline started for: 'I want to dance at a party!...'
2026-04-26 15:32:06 | INFO     | Keyword analysis on: 'I want to dance at a party!...'
2026-04-26 15:32:06 | INFO     | Mood detected: energetic (confidence=0.70, keywords=['party', 'dance'])
2026-04-26 15:32:06 | INFO     | Pipeline complete: mood=energetic, confidence=0.7, top_song='Test Pop Track'
2026-04-26 15:32:06 | INFO     | Recommender initialized with 5 songs
2026-04-26 15:32:06 | INFO     | Pipeline started for: 'I'm feeling lonely and sad...'
2026-04-26 15:32:06 | INFO     | Keyword analysis on: 'I'm feeling lonely and sad...'
2026-04-26 15:32:06 | INFO     | Mood detected: melancholic (confidence=0.70, keywords=['sad', 'lonely'])
2026-04-26 15:32:06 | INFO     | Pipeline complete: mood=melancholic, confidence=0.7, top_song='Chill Lofi Loop'
2026-04-26 15:32:06 | INFO     | Recommender initialized with 5 songs
2026-04-26 15:32:06 | INFO     | Pipeline started for: 'heading to the gym for a workout...'
2026-04-26 15:32:06 | INFO     | Keyword analysis on: 'heading to the gym for a workout...'
2026-04-26 15:32:06 | INFO     | Mood detected: intense (confidence=0.70, keywords=['workout', 'gym'])
2026-04-26 15:32:06 | INFO     | Pipeline complete: mood=intense, confidence=0.7, top_song='Test Pop Track'
2026-04-26 15:32:06 | INFO     | Recommender initialized with 5 songs
2026-04-26 15:32:06 | ERROR    | Input validation failed: Input text is empty
2026-04-26 15:49:10 | INFO     | Loading songs from /Users/yinsontso/CodePath_AI_Spring_26/aapplied_ai_system_project/data/songs.csv...
2026-04-26 15:49:10 | INFO     | Loaded 100 songs successfully
2026-04-26 15:49:10 | INFO     | Recommender initialized with 100 songs
2026-04-26 15:49:10 | INFO     | Loading songs from /Users/yinsontso/CodePath_AI_Spring_26/aapplied_ai_system_project/data/songs.csv...
2026-04-26 15:49:10 | INFO     | Loaded 100 songs successfully
2026-04-26 15:49:10 | INFO     | Recommender initialized with 100 songs
2026-04-26 15:53:57 | INFO     | Pipeline started for: 'haven't had food in few hours, i'm soo hungry...'
2026-04-26 15:53:57 | INFO     | Keyword analysis on: 'haven't had food in few hours, i'm soo hungry...'
2026-04-26 15:53:57 | INFO     | No keyword matches found — using default profile
2026-04-26 15:53:57 | INFO     | Pipeline complete: mood=chill, confidence=0.2, top_song='Midnight Coding'
2026-04-26 15:54:07 | INFO     | Pipeline started for: 'I just had a terrible breakup...'
2026-04-26 15:54:07 | INFO     | Keyword analysis on: 'I just had a terrible breakup...'
2026-04-26 15:54:07 | INFO     | No keyword matches found — using default profile
2026-04-26 15:54:07 | INFO     | Pipeline complete: mood=chill, confidence=0.2, top_song='Midnight Coding'
2026-04-26 15:54:10 | INFO     | Pipeline started for: 'Rainy morning with coffee...'
2026-04-26 15:54:10 | INFO     | Keyword analysis on: 'Rainy morning with coffee...'
2026-04-26 15:54:10 | INFO     | Mood detected: relaxed (confidence=0.70, keywords=['coffee', 'morning'])
2026-04-26 15:54:10 | INFO     | Pipeline complete: mood=relaxed, confidence=0.7, top_song='Coffee Shop Stories'
2026-04-26 15:54:22 | INFO     | Pipeline started for: 'just failed an exam...'
2026-04-26 15:54:22 | INFO     | Keyword analysis on: 'just failed an exam...'
2026-04-26 15:54:22 | INFO     | No keyword matches found — using default profile
2026-04-26 15:54:22 | INFO     | Pipeline complete: mood=chill, confidence=0.2, top_song='Midnight Coding'
2026-04-26 15:54:42 | INFO     | Pipeline started for: 'Heading to the gym!...'
2026-04-26 15:54:42 | INFO     | Keyword analysis on: 'Heading to the gym!...'
2026-04-26 15:54:42 | INFO     | Mood detected: intense (confidence=0.55, keywords=['gym'])
2026-04-26 15:54:42 | INFO     | Pipeline complete: mood=intense, confidence=0.55, top_song='Bass Drop Thunder'
2026-04-26 15:54:53 | INFO     | Pipeline started for: 'Road trip through the desert...'
2026-04-26 15:54:53 | INFO     | Keyword analysis on: 'Road trip through the desert...'
2026-04-26 15:54:53 | INFO     | Mood detected: adventurous (confidence=0.55, keywords=['road'])
2026-04-26 15:54:53 | INFO     | Pipeline complete: mood=adventurous, confidence=0.55, top_song='Desert Echo'
2026-04-27 15:36:33 | INFO     | Pipeline started for: 'hungry...'
2026-04-27 15:36:33 | INFO     | Keyword analysis on: 'hungry...'
2026-04-27 15:36:33 | INFO     | No keyword matches found — using default profile
2026-04-27 15:36:33 | INFO     | Pipeline complete: mood=chill, confidence=0.2, top_song='Midnight Coding'
2026-04-27 15:46:05 | INFO     | Loading songs from /Users/yinsontso/CodePath_AI_Spring_26/aapplied_ai_system_project/data/songs.csv...
2026-04-27 15:46:05 | INFO     | Loaded 250 songs successfully
2026-04-27 15:46:05 | INFO     | Recommender initialized with 250 songs
2026-04-27 15:46:05 | INFO     | Loading songs from /Users/yinsontso/CodePath_AI_Spring_26/aapplied_ai_system_project/data/songs.csv...
2026-04-27 15:46:05 | INFO     | Loaded 250 songs successfully
2026-04-27 15:46:05 | INFO     | Recommender initialized with 250 songs
2026-04-27 15:46:34 | INFO     | Pipeline started for: 'hungry...'
2026-04-27 15:46:34 | INFO     | Keyword analysis on: 'hungry...'
2026-04-27 15:46:34 | INFO     | No keyword matches found — using default profile
2026-04-27 15:46:34 | INFO     | Pipeline complete: mood=chill, confidence=0.2, top_song='Midnight Coding'
2026-04-27 15:46:46 | INFO     | Pipeline started for: 'hungry and sleep deprived...'
2026-04-27 15:46:46 | INFO     | Keyword analysis on: 'hungry and sleep deprived...'
2026-04-27 15:46:46 | INFO     | No keyword matches found — using default profile
2026-04-27 15:46:46 | INFO     | Pipeline complete: mood=chill, confidence=0.2, top_song='Midnight Coding'
2026-04-27 15:47:22 | INFO     | Pipeline started for: 'excited for my road trip...'
2026-04-27 15:47:22 | INFO     | Keyword analysis on: 'excited for my road trip...'
2026-04-27 15:47:22 | INFO     | Mood detected: energetic (confidence=0.55, keywords=['excited'])
2026-04-27 15:47:22 | INFO     | Pipeline complete: mood=energetic, confidence=0.55, top_song='Rocket Fuel'
2026-04-27 15:50:25 | INFO     | Pipeline started for: 'sudden rain ended my outdoor plans, i love the sounds of rain drops hitting the ...'
2026-04-27 15:50:25 | INFO     | Keyword analysis on: 'sudden rain ended my outdoor plans, i love the sounds of rain drops hitting the ...'
2026-04-27 15:50:25 | INFO     | Mood detected: romantic (confidence=0.55, keywords=['love'])
2026-04-27 15:50:25 | INFO     | Pipeline complete: mood=romantic, confidence=0.55, top_song='Satin Sheets'
2026-04-27 19:59:00 | INFO     | Pipeline started for: 'im hungry...'
2026-04-27 19:59:00 | INFO     | Keyword analysis on: 'im hungry...'
2026-04-27 19:59:00 | INFO     | No keyword matches found — using default profile
2026-04-27 19:59:00 | INFO     | Pipeline complete: mood=chill, confidence=0.2, top_song='Midnight Coding'
2026-04-27 20:35:28 | INFO     | Loading songs from /Users/yinsontso/CodePath_AI_Spring_26/aapplied_ai_system_project/data/songs.csv...
2026-04-27 20:35:28 | INFO     | Loaded 250 songs successfully
2026-04-27 20:35:28 | INFO     | Recommender initialized with 250 songs
2026-04-27 20:35:29 | INFO     | Loading songs from /Users/yinsontso/CodePath_AI_Spring_26/aapplied_ai_system_project/data/songs.csv...
2026-04-27 20:35:29 | INFO     | Loaded 250 songs successfully
2026-04-27 20:35:29 | INFO     | Recommender initialized with 250 songs
2026-04-27 20:42:00 | INFO     | Loading songs from /Users/yinsontso/CodePath_AI_Spring_26/aapplied_ai_system_project/data/songs.csv...
2026-04-27 20:42:00 | INFO     | Loaded 250 songs successfully
2026-04-27 20:42:00 | INFO     | Recommender initialized with 250 songs
2026-04-27 20:42:37 | INFO     | Loading songs from /Users/yinsontso/CodePath_AI_Spring_26/aapplied_ai_system_project/data/songs.csv...
2026-04-27 20:42:37 | INFO     | Loaded 250 songs successfully
2026-04-27 20:42:37 | INFO     | Recommender initialized with 250 songs
2026-04-27 20:42:37 | INFO     | Loading songs from /Users/yinsontso/CodePath_AI_Spring_26/aapplied_ai_system_project/data/songs.csv...
2026-04-27 20:42:37 | INFO     | Loaded 250 songs successfully
2026-04-27 20:42:37 | INFO     | Recommender initialized with 250 songs
2026-04-27 20:43:01 | INFO     | Pipeline started for: 'I am very hungry...'
2026-04-27 20:43:01 | INFO     | Keyword analysis on: 'I am very hungry...'
2026-04-27 20:43:01 | INFO     | No keyword matches found — using default profile
2026-04-27 20:43:01 | INFO     | Pipeline complete: mood=chill, confidence=0.2, top_song='Midnight Coding'
2026-04-27 20:45:40 | INFO     | Pipeline started for: 'just came back from work and really sleepy...'
2026-04-27 20:45:40 | INFO     | Keyword analysis on: 'just came back from work and really sleepy...'
2026-04-27 20:45:40 | INFO     | Mood detected: focused (confidence=0.55, keywords=['work'])
2026-04-27 20:45:40 | INFO     | Pipeline complete: mood=focused, confidence=0.55, top_song='Lofi Hip-Hop Study'
2026-04-27 20:46:56 | INFO     | Pipeline started for: 'i'm excited for tomorrow's music festival...'
2026-04-27 20:46:56 | INFO     | Keyword analysis on: 'i'm excited for tomorrow's music festival...'
2026-04-27 20:46:56 | INFO     | Mood detected: energetic (confidence=0.55, keywords=['excited'])
2026-04-27 20:46:56 | INFO     | Pipeline complete: mood=energetic, confidence=0.55, top_song='Rocket Fuel'
2026-04-27 20:48:08 | INFO     | Pipeline started for: 'Seek...'
2026-04-27 20:48:08 | INFO     | Keyword analysis on: 'Seek...'
2026-04-27 20:48:08 | INFO     | No keyword matches found — using default profile
2026-04-27 20:48:08 | INFO     | Pipeline complete: mood=chill, confidence=0.2, top_song='Midnight Coding'
2026-04-27 20:49:26 | INFO     | Pipeline started for: 'Seek...'
2026-04-27 20:49:26 | INFO     | Keyword analysis on: 'Seek...'
2026-04-27 20:49:26 | INFO     | No keyword matches found — using default profile
2026-04-27 20:49:26 | INFO     | Pipeline complete: mood=chill, confidence=0.2, top_song='Midnight Coding'
2026-04-27 20:49:26 | INFO     | Pipeline started for: 'Seek...'
2026-04-27 20:49:26 | INFO     | Keyword analysis on: 'Seek...'
2026-04-27 20:49:26 | INFO     | No keyword matches found — using default profile
2026-04-27 20:49:26 | INFO     | Pipeline complete: mood=chill, confidence=0.2, top_song='Midnight Coding'
2026-04-27 20:49:27 | INFO     | Pipeline started for: 'Seek...'
2026-04-27 20:49:27 | INFO     | Keyword analysis on: 'Seek...'
2026-04-27 20:49:27 | INFO     | No keyword matches found — using default profile
2026-04-27 20:49:27 | INFO     | Pipeline complete: mood=chill, confidence=0.2, top_song='Midnight Coding'
2026-04-27 20:49:28 | INFO     | Pipeline started for: 'Seek...'
2026-04-27 20:49:28 | INFO     | Keyword analysis on: 'Seek...'
2026-04-27 20:49:28 | INFO     | No keyword matches found — using default profile
2026-04-27 20:49:28 | INFO     | Pipeline complete: mood=chill, confidence=0.2, top_song='Midnight Coding'
2026-04-27 20:49:34 | INFO     | Pipeline started for: 'awesome...'
2026-04-27 20:49:34 | INFO     | Keyword analysis on: 'awesome...'
2026-04-27 20:49:34 | INFO     | No keyword matches found — using default profile
2026-04-27 20:49:34 | INFO     | Pipeline complete: mood=chill, confidence=0.2, top_song='Midnight Coding'
2026-04-27 20:49:37 | INFO     | Pipeline started for: 'awesome...'
2026-04-27 20:49:37 | INFO     | Keyword analysis on: 'awesome...'
2026-04-27 20:49:37 | INFO     | No keyword matches found — using default profile
2026-04-27 20:49:37 | INFO     | Pipeline complete: mood=chill, confidence=0.2, top_song='Midnight Coding'
2026-04-27 20:49:54 | INFO     | Pipeline started for: 'I am working on the project...'
2026-04-27 20:49:54 | INFO     | Keyword analysis on: 'I am working on the project...'
2026-04-27 20:49:54 | INFO     | Mood detected: focused (confidence=0.55, keywords=['work'])
2026-04-27 20:49:54 | INFO     | Pipeline complete: mood=focused, confidence=0.55, top_song='Lofi Hip-Hop Study'
2026-04-27 20:51:23 | INFO     | Pipeline started for: 'tired...'
2026-04-27 20:51:23 | INFO     | Keyword analysis on: 'tired...'
2026-04-27 20:51:23 | INFO     | Mood detected: peaceful (confidence=0.55, keywords=['tired'])
2026-04-27 20:51:23 | INFO     | Pipeline complete: mood=peaceful, confidence=0.55, top_song='Peaceful Morning'
2026-04-27 20:51:33 | INFO     | Pipeline started for: 'enraged...'
2026-04-27 20:51:33 | INFO     | Keyword analysis on: 'enraged...'
2026-04-27 20:51:33 | INFO     | Mood detected: aggressive (confidence=0.55, keywords=['rage'])
2026-04-27 20:51:33 | INFO     | Pipeline complete: mood=aggressive, confidence=0.55, top_song='Thunder Road'
2026-04-27 20:53:03 | INFO     | Pipeline started for: 'tired...'
2026-04-27 20:53:03 | INFO     | Keyword analysis on: 'tired...'
2026-04-27 20:53:03 | INFO     | Mood detected: peaceful (confidence=0.55, keywords=['tired'])
2026-04-27 20:53:03 | INFO     | Pipeline complete: mood=peaceful, confidence=0.55, top_song='Peaceful Morning'
2026-04-27 20:53:38 | INFO     | Pipeline started for: 'excited and tired...'
2026-04-27 20:53:38 | INFO     | Keyword analysis on: 'excited and tired...'
2026-04-27 20:53:38 | INFO     | Mood detected: energetic (confidence=0.55, keywords=['excited'])
2026-04-27 20:53:38 | INFO     | Pipeline complete: mood=energetic, confidence=0.55, top_song='Rocket Fuel'
2026-04-27 20:53:49 | INFO     | Pipeline started for: 'enraged and peacful...'
2026-04-27 20:53:49 | INFO     | Keyword analysis on: 'enraged and peacful...'
2026-04-27 20:53:49 | INFO     | Mood detected: aggressive (confidence=0.55, keywords=['rage'])
2026-04-27 20:53:49 | INFO     | Pipeline complete: mood=aggressive, confidence=0.55, top_song='Thunder Road'
2026-04-27 20:55:28 | INFO     | Pipeline started for: 'hungry...'
2026-04-27 20:55:28 | INFO     | Keyword analysis on: 'hungry...'
2026-04-27 20:55:28 | INFO     | No keyword matches found — using default profile
2026-04-27 20:55:28 | INFO     | Pipeline complete: mood=chill, confidence=0.2, top_song='Midnight Coding'
2026-04-27 20:55:38 | INFO     | Pipeline started for: 'full...'
2026-04-27 20:55:38 | INFO     | Keyword analysis on: 'full...'
2026-04-27 20:55:38 | INFO     | No keyword matches found — using default profile
2026-04-27 20:55:38 | INFO     | Pipeline complete: mood=chill, confidence=0.2, top_song='Midnight Coding'
2026-04-27 20:55:43 | INFO     | Pipeline started for: 'full and hungry...'
2026-04-27 20:55:43 | INFO     | Keyword analysis on: 'full and hungry...'
2026-04-27 20:55:43 | INFO     | No keyword matches found — using default profile
2026-04-27 20:55:43 | INFO     | Pipeline complete: mood=chill, confidence=0.2, top_song='Midnight Coding'
2026-04-27 20:59:36 | INFO     | Loading songs from /Users/yinsontso/CodePath_AI_Spring_26/aapplied_ai_system_project/data/songs.csv...
2026-04-27 20:59:36 | INFO     | Loaded 250 songs successfully
2026-04-27 20:59:36 | INFO     | Recommender initialized with 250 songs
2026-04-27 20:59:57 | INFO     | Loading songs from /Users/yinsontso/CodePath_AI_Spring_26/aapplied_ai_system_project/data/songs.csv...
2026-04-27 20:59:57 | INFO     | Loaded 250 songs successfully
2026-04-27 20:59:57 | INFO     | Recommender initialized with 250 songs
2026-04-27 21:00:05 | INFO     | Loading songs from /Users/yinsontso/CodePath_AI_Spring_26/aapplied_ai_system_project/data/songs.csv...
2026-04-27 21:00:05 | INFO     | Loaded 250 songs successfully
2026-04-27 21:00:05 | INFO     | Recommender initialized with 250 songs
2026-04-27 21:00:32 | INFO     | Loading songs from /Users/yinsontso/CodePath_AI_Spring_26/aapplied_ai_system_project/data/songs.csv...
2026-04-27 21:00:32 | INFO     | Loaded 250 songs successfully
2026-04-27 21:00:32 | INFO     | Recommender initialized with 250 songs
2026-04-27 21:00:32 | INFO     | Loading songs from /Users/yinsontso/CodePath_AI_Spring_26/aapplied_ai_system_project/data/songs.csv...
2026-04-27 21:00:32 | INFO     | Loaded 250 songs successfully
2026-04-27 21:00:32 | INFO     | Recommender initialized with 250 songs
2026-04-27 21:00:46 | INFO     | Pipeline started for: 'hungry...'
2026-04-27 21:00:46 | INFO     | Keyword analysis on: 'hungry...'
2026-04-27 21:00:46 | INFO     | No keyword matches found — using default profile
2026-04-27 21:00:46 | INFO     | Pipeline complete: mood=chill, confidence=0.15, top_song='Midnight Coding'
2026-04-27 21:01:16 | INFO     | Pipeline started for: 'furious and focused...'
2026-04-27 21:01:16 | INFO     | Keyword analysis on: 'furious and focused...'
2026-04-27 21:01:16 | INFO     | Multi-mood blend: ['focused', 'aggressive'], energy=0.65, valence=0.38, confidence=0.59
2026-04-27 21:01:16 | INFO     | Pipeline complete: mood=focused, confidence=0.59, top_song='Morning Commute'
2026-04-27 21:02:41 | INFO     | Pipeline started for: 'focused...'
2026-04-27 21:02:41 | INFO     | Keyword analysis on: 'focused...'
2026-04-27 21:02:41 | INFO     | Single mood detected: focused (confidence=0.55, keywords=['focus'])
2026-04-27 21:02:41 | INFO     | Pipeline complete: mood=focused, confidence=0.55, top_song='Lofi Hip-Hop Study'
2026-04-27 21:02:45 | INFO     | Pipeline started for: 'furious and focused...'
2026-04-27 21:02:45 | INFO     | Keyword analysis on: 'furious and focused...'
2026-04-27 21:02:45 | INFO     | Multi-mood blend: ['focused', 'aggressive'], energy=0.65, valence=0.38, confidence=0.59
2026-04-27 21:02:45 | INFO     | Pipeline complete: mood=focused, confidence=0.59, top_song='Morning Commute'
2026-04-27 21:02:48 | INFO     | Pipeline started for: 'furious and focused...'
2026-04-27 21:02:48 | INFO     | Keyword analysis on: 'furious and focused...'
2026-04-27 21:02:48 | INFO     | Multi-mood blend: ['focused', 'aggressive'], energy=0.65, valence=0.38, confidence=0.59
2026-04-27 21:02:48 | INFO     | Pipeline complete: mood=focused, confidence=0.59, top_song='Morning Commute'
2026-04-27 21:02:48 | INFO     | Pipeline started for: 'furious and focused...'
2026-04-27 21:02:48 | INFO     | Keyword analysis on: 'furious and focused...'
2026-04-27 21:02:48 | INFO     | Multi-mood blend: ['focused', 'aggressive'], energy=0.65, valence=0.38, confidence=0.59
2026-04-27 21:02:48 | INFO     | Pipeline complete: mood=focused, confidence=0.59, top_song='Morning Commute'
2026-04-27 21:02:49 | INFO     | Pipeline started for: 'furious and focused...'
2026-04-27 21:02:49 | INFO     | Keyword analysis on: 'furious and focused...'
2026-04-27 21:02:49 | INFO     | Multi-mood blend: ['focused', 'aggressive'], energy=0.65, valence=0.38, confidence=0.59
2026-04-27 21:02:49 | INFO     | Pipeline complete: mood=focused, confidence=0.59, top_song='Morning Commute'
2026-04-27 21:02:49 | INFO     | Pipeline started for: 'furious and focused...'
2026-04-27 21:02:49 | INFO     | Keyword analysis on: 'furious and focused...'
2026-04-27 21:02:49 | INFO     | Multi-mood blend: ['focused', 'aggressive'], energy=0.65, valence=0.38, confidence=0.59
2026-04-27 21:02:49 | INFO     | Pipeline complete: mood=focused, confidence=0.59, top_song='Morning Commute'
2026-04-27 21:02:49 | INFO     | Pipeline started for: 'furious and focused...'
2026-04-27 21:02:49 | INFO     | Keyword analysis on: 'furious and focused...'
2026-04-27 21:02:49 | INFO     | Multi-mood blend: ['focused', 'aggressive'], energy=0.65, valence=0.38, confidence=0.59
2026-04-27 21:02:49 | INFO     | Pipeline complete: mood=focused, confidence=0.59, top_song='Morning Commute'
2026-04-27 21:02:49 | INFO     | Pipeline started for: 'furious and focused...'
2026-04-27 21:02:49 | INFO     | Keyword analysis on: 'furious and focused...'
2026-04-27 21:02:49 | INFO     | Multi-mood blend: ['focused', 'aggressive'], energy=0.65, valence=0.38, confidence=0.59
2026-04-27 21:02:49 | INFO     | Pipeline complete: mood=focused, confidence=0.59, top_song='Morning Commute'
2026-04-27 21:02:50 | INFO     | Pipeline started for: 'furious and focused...'
2026-04-27 21:02:50 | INFO     | Keyword analysis on: 'furious and focused...'
2026-04-27 21:02:50 | INFO     | Multi-mood blend: ['focused', 'aggressive'], energy=0.65, valence=0.38, confidence=0.59
2026-04-27 21:02:50 | INFO     | Pipeline complete: mood=focused, confidence=0.59, top_song='Morning Commute'
2026-04-27 21:02:50 | INFO     | Pipeline started for: 'furious and focused...'
2026-04-27 21:02:50 | INFO     | Keyword analysis on: 'furious and focused...'
2026-04-27 21:02:50 | INFO     | Multi-mood blend: ['focused', 'aggressive'], energy=0.65, valence=0.38, confidence=0.59
2026-04-27 21:02:50 | INFO     | Pipeline complete: mood=focused, confidence=0.59, top_song='Morning Commute'
2026-04-27 21:02:54 | INFO     | Pipeline started for: 'furious...'
2026-04-27 21:02:54 | INFO     | Keyword analysis on: 'furious...'
2026-04-27 21:02:54 | INFO     | Single mood detected: aggressive (confidence=0.55, keywords=['furious'])
2026-04-27 21:02:54 | INFO     | Pipeline complete: mood=aggressive, confidence=0.55, top_song='Thunder Road'
2026-04-27 21:03:01 | INFO     | Pipeline started for: 'furious furious and focused...'
2026-04-27 21:03:01 | INFO     | Keyword analysis on: 'furious furious and focused...'
2026-04-27 21:03:01 | INFO     | Multi-mood blend: ['focused', 'aggressive'], energy=0.65, valence=0.38, confidence=0.59
2026-04-27 21:03:01 | INFO     | Pipeline complete: mood=focused, confidence=0.59, top_song='Morning Commute'
2026-04-27 21:03:02 | INFO     | Pipeline started for: 'furious furious and focused...'
2026-04-27 21:03:02 | INFO     | Keyword analysis on: 'furious furious and focused...'
2026-04-27 21:03:02 | INFO     | Multi-mood blend: ['focused', 'aggressive'], energy=0.65, valence=0.38, confidence=0.59
2026-04-27 21:03:02 | INFO     | Pipeline complete: mood=focused, confidence=0.59, top_song='Morning Commute'
2026-04-27 21:03:14 | INFO     | Pipeline started for: 'not furious, furious and focused...'
2026-04-27 21:03:14 | INFO     | Keyword analysis on: 'not furious, furious and focused...'
2026-04-27 21:03:14 | INFO     | Multi-mood blend: ['focused', 'aggressive'], energy=0.65, valence=0.38, confidence=0.59
2026-04-27 21:03:14 | INFO     | Pipeline complete: mood=focused, confidence=0.59, top_song='Morning Commute'
2026-04-27 21:03:14 | INFO     | Pipeline started for: 'not furious, furious and focused...'
2026-04-27 21:03:14 | INFO     | Keyword analysis on: 'not furious, furious and focused...'
2026-04-27 21:03:14 | INFO     | Multi-mood blend: ['focused', 'aggressive'], energy=0.65, valence=0.38, confidence=0.59
2026-04-27 21:03:14 | INFO     | Pipeline complete: mood=focused, confidence=0.59, top_song='Morning Commute'
2026-04-27 21:03:15 | INFO     | Pipeline started for: 'not furious, furious and focused...'
2026-04-27 21:03:15 | INFO     | Keyword analysis on: 'not furious, furious and focused...'
2026-04-27 21:03:15 | INFO     | Multi-mood blend: ['focused', 'aggressive'], energy=0.65, valence=0.38, confidence=0.59
2026-04-27 21:03:15 | INFO     | Pipeline complete: mood=focused, confidence=0.59, top_song='Morning Commute'
2026-04-27 21:03:15 | INFO     | Pipeline started for: 'not furious, furious and focused...'
2026-04-27 21:03:15 | INFO     | Keyword analysis on: 'not furious, furious and focused...'
2026-04-27 21:03:15 | INFO     | Multi-mood blend: ['focused', 'aggressive'], energy=0.65, valence=0.38, confidence=0.59
2026-04-27 21:03:15 | INFO     | Pipeline complete: mood=focused, confidence=0.59, top_song='Morning Commute'
2026-04-27 21:03:15 | INFO     | Pipeline started for: 'not furious, furious and focused...'
2026-04-27 21:03:15 | INFO     | Keyword analysis on: 'not furious, furious and focused...'
2026-04-27 21:03:15 | INFO     | Multi-mood blend: ['focused', 'aggressive'], energy=0.65, valence=0.38, confidence=0.59
2026-04-27 21:03:15 | INFO     | Pipeline complete: mood=focused, confidence=0.59, top_song='Morning Commute'
2026-04-27 21:03:20 | INFO     | Pipeline started for: 'not furious, furious and focused, depressed...'
2026-04-27 21:03:20 | INFO     | Keyword analysis on: 'not furious, furious and focused, depressed...'
2026-04-27 21:03:20 | INFO     | Multi-mood blend: ['focused', 'aggressive'], energy=0.65, valence=0.38, confidence=0.59
2026-04-27 21:03:20 | INFO     | Pipeline complete: mood=focused, confidence=0.59, top_song='Morning Commute'
2026-04-27 21:03:21 | INFO     | Pipeline started for: 'not furious, furious and focused, depressed...'
2026-04-27 21:03:21 | INFO     | Keyword analysis on: 'not furious, furious and focused, depressed...'
2026-04-27 21:03:21 | INFO     | Multi-mood blend: ['focused', 'aggressive'], energy=0.65, valence=0.38, confidence=0.59
2026-04-27 21:03:21 | INFO     | Pipeline complete: mood=focused, confidence=0.59, top_song='Morning Commute'
2026-04-27 21:03:21 | INFO     | Pipeline started for: 'not furious, furious and focused, depressed...'
2026-04-27 21:03:21 | INFO     | Keyword analysis on: 'not furious, furious and focused, depressed...'
2026-04-27 21:03:21 | INFO     | Multi-mood blend: ['focused', 'aggressive'], energy=0.65, valence=0.38, confidence=0.59
2026-04-27 21:03:21 | INFO     | Pipeline complete: mood=focused, confidence=0.59, top_song='Morning Commute'
2026-04-27 21:03:21 | INFO     | Pipeline started for: 'not furious, furious and focused, depressed...'
2026-04-27 21:03:21 | INFO     | Keyword analysis on: 'not furious, furious and focused, depressed...'
2026-04-27 21:03:21 | INFO     | Multi-mood blend: ['focused', 'aggressive'], energy=0.65, valence=0.38, confidence=0.59
2026-04-27 21:03:21 | INFO     | Pipeline complete: mood=focused, confidence=0.59, top_song='Morning Commute'
2026-04-27 21:03:22 | INFO     | Pipeline started for: 'not furious, furious and focused, depressed...'
2026-04-27 21:03:22 | INFO     | Keyword analysis on: 'not furious, furious and focused, depressed...'
2026-04-27 21:03:22 | INFO     | Multi-mood blend: ['focused', 'aggressive'], energy=0.65, valence=0.38, confidence=0.59
2026-04-27 21:03:22 | INFO     | Pipeline complete: mood=focused, confidence=0.59, top_song='Morning Commute'
2026-04-27 21:03:26 | INFO     | Pipeline started for: 'not furious but furious and focused, depressed...'
2026-04-27 21:03:26 | INFO     | Keyword analysis on: 'not furious but furious and focused, depressed...'
2026-04-27 21:03:26 | INFO     | Multi-mood blend: ['focused', 'aggressive'], energy=0.65, valence=0.38, confidence=0.59
2026-04-27 21:03:26 | INFO     | Pipeline complete: mood=focused, confidence=0.59, top_song='Morning Commute'
2026-04-27 21:03:27 | INFO     | Pipeline started for: 'not furious but furious and focused, depressed...'
2026-04-27 21:03:27 | INFO     | Keyword analysis on: 'not furious but furious and focused, depressed...'
2026-04-27 21:03:27 | INFO     | Multi-mood blend: ['focused', 'aggressive'], energy=0.65, valence=0.38, confidence=0.59
2026-04-27 21:03:27 | INFO     | Pipeline complete: mood=focused, confidence=0.59, top_song='Morning Commute'
2026-04-27 21:03:27 | INFO     | Pipeline started for: 'not furious but furious and focused, depressed...'
2026-04-27 21:03:27 | INFO     | Keyword analysis on: 'not furious but furious and focused, depressed...'
2026-04-27 21:03:27 | INFO     | Multi-mood blend: ['focused', 'aggressive'], energy=0.65, valence=0.38, confidence=0.59
2026-04-27 21:03:27 | INFO     | Pipeline complete: mood=focused, confidence=0.59, top_song='Morning Commute'
2026-04-27 21:03:27 | INFO     | Pipeline started for: 'not furious but furious and focused, depressed...'
2026-04-27 21:03:27 | INFO     | Keyword analysis on: 'not furious but furious and focused, depressed...'
2026-04-27 21:03:27 | INFO     | Multi-mood blend: ['focused', 'aggressive'], energy=0.65, valence=0.38, confidence=0.59
2026-04-27 21:03:27 | INFO     | Pipeline complete: mood=focused, confidence=0.59, top_song='Morning Commute'
2026-04-27 21:03:27 | INFO     | Pipeline started for: 'not furious but furious and focused, depressed...'
2026-04-27 21:03:27 | INFO     | Keyword analysis on: 'not furious but furious and focused, depressed...'
2026-04-27 21:03:27 | INFO     | Multi-mood blend: ['focused', 'aggressive'], energy=0.65, valence=0.38, confidence=0.59
2026-04-27 21:03:27 | INFO     | Pipeline complete: mood=focused, confidence=0.59, top_song='Morning Commute'
2026-04-27 21:03:44 | INFO     | Pipeline started for: 'depressed but focused...'
2026-04-27 21:03:44 | INFO     | Keyword analysis on: 'depressed but focused...'
2026-04-27 21:03:44 | INFO     | Single mood detected: focused (confidence=0.55, keywords=['focus'])
2026-04-27 21:03:44 | INFO     | Pipeline complete: mood=focused, confidence=0.55, top_song='Lofi Hip-Hop Study'
2026-04-27 21:03:54 | INFO     | Pipeline started for: 'depressed but focused and furious...'
2026-04-27 21:03:54 | INFO     | Keyword analysis on: 'depressed but focused and furious...'
2026-04-27 21:03:54 | INFO     | Multi-mood blend: ['focused', 'aggressive'], energy=0.65, valence=0.38, confidence=0.59
2026-04-27 21:03:54 | INFO     | Pipeline complete: mood=focused, confidence=0.59, top_song='Morning Commute'
2026-04-27 21:04:11 | INFO     | Pipeline started for: 'focused...'
2026-04-27 21:04:11 | INFO     | Keyword analysis on: 'focused...'
2026-04-27 21:04:11 | INFO     | Single mood detected: focused (confidence=0.55, keywords=['focus'])
2026-04-27 21:04:11 | INFO     | Pipeline complete: mood=focused, confidence=0.55, top_song='Lofi Hip-Hop Study'
2026-04-27 21:04:17 | INFO     | Pipeline started for: 'focused, ecstatic...'
2026-04-27 21:04:17 | INFO     | Keyword analysis on: 'focused, ecstatic...'
2026-04-27 21:04:17 | INFO     | Single mood detected: focused (confidence=0.55, keywords=['focus'])
2026-04-27 21:04:17 | INFO     | Pipeline complete: mood=focused, confidence=0.55, top_song='Lofi Hip-Hop Study'
2026-04-27 21:04:23 | INFO     | Pipeline started for: 'focused,depressed...'
2026-04-27 21:04:23 | INFO     | Keyword analysis on: 'focused,depressed...'
2026-04-27 21:04:23 | INFO     | Single mood detected: focused (confidence=0.55, keywords=['focus'])
2026-04-27 21:04:23 | INFO     | Pipeline complete: mood=focused, confidence=0.55, top_song='Lofi Hip-Hop Study'
2026-04-27 21:05:17 | INFO     | Pipeline started for: 'focused, depressed...'
2026-04-27 21:05:17 | INFO     | Keyword analysis on: 'focused, depressed...'
2026-04-27 21:05:17 | INFO     | Single mood detected: focused (confidence=0.55, keywords=['focus'])
2026-04-27 21:05:17 | INFO     | Pipeline complete: mood=focused, confidence=0.55, top_song='Lofi Hip-Hop Study'
2026-04-27 21:05:22 | INFO     | Pipeline started for: 'focused,excited...'
2026-04-27 21:05:22 | INFO     | Keyword analysis on: 'focused,excited...'
2026-04-27 21:05:22 | INFO     | Multi-mood blend: ['energetic', 'focused'], energy=0.62, valence=0.70, confidence=0.59
2026-04-27 21:05:22 | INFO     | Pipeline complete: mood=energetic, confidence=0.59, top_song='Rocket Fuel'
2026-04-27 21:05:27 | INFO     | Pipeline started for: 'focused, sad...'
2026-04-27 21:05:27 | INFO     | Keyword analysis on: 'focused, sad...'
2026-04-27 21:05:27 | INFO     | Multi-mood blend: ['focused', 'melancholic'], energy=0.35, valence=0.40, confidence=0.63
2026-04-27 21:05:27 | INFO     | Pipeline complete: mood=focused, confidence=0.63, top_song='Whispered Dreams'
2026-04-27 21:05:34 | INFO     | Pipeline started for: 'focused...'
2026-04-27 21:05:34 | INFO     | Keyword analysis on: 'focused...'
2026-04-27 21:05:34 | INFO     | Single mood detected: focused (confidence=0.55, keywords=['focus'])
2026-04-27 21:05:34 | INFO     | Pipeline complete: mood=focused, confidence=0.55, top_song='Lofi Hip-Hop Study'
2026-04-27 21:05:38 | INFO     | Pipeline started for: 'focused, sad...'
2026-04-27 21:05:38 | INFO     | Keyword analysis on: 'focused, sad...'
2026-04-27 21:05:38 | INFO     | Multi-mood blend: ['focused', 'melancholic'], energy=0.35, valence=0.40, confidence=0.63
2026-04-27 21:05:38 | INFO     | Pipeline complete: mood=focused, confidence=0.63, top_song='Whispered Dreams'
2026-04-27 21:10:17 | INFO     | Loading songs from /Users/yinsontso/CodePath_AI_Spring_26/aapplied_ai_system_project/data/songs.csv...
2026-04-27 21:10:17 | INFO     | Loaded 250 songs successfully
2026-04-27 21:10:17 | INFO     | Recommender initialized with 250 songs
2026-04-27 21:10:22 | INFO     | Loading songs from /Users/yinsontso/CodePath_AI_Spring_26/aapplied_ai_system_project/data/songs.csv...
2026-04-27 21:10:22 | INFO     | Loaded 250 songs successfully
2026-04-27 21:10:22 | INFO     | Recommender initialized with 250 songs
2026-04-27 21:10:27 | INFO     | Loading songs from /Users/yinsontso/CodePath_AI_Spring_26/aapplied_ai_system_project/data/songs.csv...
2026-04-27 21:10:27 | INFO     | Loaded 250 songs successfully
2026-04-27 21:10:27 | INFO     | Recommender initialized with 250 songs
2026-04-27 21:10:47 | INFO     | Loading songs from /Users/yinsontso/CodePath_AI_Spring_26/aapplied_ai_system_project/data/songs.csv...
2026-04-27 21:10:47 | INFO     | Loaded 250 songs successfully
2026-04-27 21:10:47 | INFO     | Recommender initialized with 250 songs
2026-04-27 21:10:47 | INFO     | Loading songs from /Users/yinsontso/CodePath_AI_Spring_26/aapplied_ai_system_project/data/songs.csv...
2026-04-27 21:10:47 | INFO     | Loaded 250 songs successfully
2026-04-27 21:10:47 | INFO     | Recommender initialized with 250 songs
2026-04-27 21:11:01 | INFO     | Pipeline started for: 'focused and sad...'
2026-04-27 21:11:01 | INFO     | Keyword analysis on: 'focused and sad...'
2026-04-27 21:11:01 | INFO     | Multi-mood blend: ['focused', 'melancholic'], energy=0.35, valence=0.40, confidence=0.63
2026-04-27 21:11:01 | INFO     | Pipeline complete: mood=focused, confidence=0.63, top_song='Whispered Dreams'
2026-04-27 21:11:45 | INFO     | Pipeline started for: 'sad...'
2026-04-27 21:11:45 | INFO     | Keyword analysis on: 'sad...'
2026-04-27 21:11:45 | INFO     | Single mood detected: melancholic (confidence=0.55, keywords=['sad'])
2026-04-27 21:11:45 | INFO     | Pipeline complete: mood=melancholic, confidence=0.55, top_song='Paper Boats'
2026-04-27 21:12:10 | INFO     | Pipeline started for: 'blue...'
2026-04-27 21:12:10 | INFO     | Keyword analysis on: 'blue...'
2026-04-27 21:12:10 | INFO     | No keyword matches found — using default profile
2026-04-27 21:12:10 | INFO     | Pipeline complete: mood=chill, confidence=0.15, top_song='Midnight Coding'
2026-04-27 21:12:38 | INFO     | Pipeline started for: 'mukhammadali threatened me...'
2026-04-27 21:12:38 | INFO     | Keyword analysis on: 'mukhammadali threatened me...'
2026-04-27 21:12:38 | INFO     | Single mood detected: aggressive (confidence=0.55, keywords=['mad'])
2026-04-27 21:12:38 | INFO     | Pipeline complete: mood=aggressive, confidence=0.55, top_song='Thunder Road'
2026-04-27 21:12:47 | INFO     | Pipeline started for: 'i feel blue...'
2026-04-27 21:12:47 | INFO     | Keyword analysis on: 'i feel blue...'
2026-04-27 21:12:47 | INFO     | No keyword matches found — using default profile
2026-04-27 21:12:47 | INFO     | Pipeline complete: mood=chill, confidence=0.15, top_song='Midnight Coding'
2026-04-27 21:12:50 | INFO     | Pipeline started for: 'the blues...'
2026-04-27 21:12:50 | INFO     | Keyword analysis on: 'the blues...'
2026-04-27 21:12:50 | INFO     | No keyword matches found — using default profile
2026-04-27 21:12:50 | INFO     | Pipeline complete: mood=chill, confidence=0.15, top_song='Midnight Coding'
